<?xml version="1.0" encoding="UTF-8"?>
<!-- Generated by org.testng.reporters.JUnitXMLReporter -->
<testsuite ignored="1" hostname="DESKTOP-QVM6J4J" failures="1" tests="2" name="Test" time="7.862" errors="0" timestamp="2023-07-10T09:14:42 IST">
  <testcase classname="com.LoginTest.VerifyTC_001" name="verifyTC_001_loginvalidCredentials" time="0.332">
    <failure type="java.lang.AssertionError" message="expected [true] but found [false]">
      <![CDATA[java.lang.AssertionError: expected [true] but found [false]
at com.LoginTest.VerifyTC_001.verifyTC_001_loginvalidCredentials(VerifyTC_001.java:25)
at java.base/java.util.ArrayList.forEach(ArrayList.java:1540)
... Removed 31 stack frames]]>
    </failure>
  </testcase> <!-- verifyTC_001_loginvalidCredentials -->
  <testcase classname="com.LoginTest.VerifyTC_002" name="verifyTC_002_loginInvalidCredentials" time="0.009"/>
  <testcase classname="com.Utility.BaseClass" name="@BeforeSuite initilizationObject" time="0.0">
    <ignored/>
  </testcase> <!-- @BeforeSuite initilizationObject -->
</testsuite> <!-- Test -->
